<?xml version="1.0" encoding="UTF-8"?>
<!-- Generated by org.testng.reporters.JUnitReportReporter -->
<testsuite skipped="0" hostname="codemaxpc01-desktop" name="registrationtest.IndiRegFirstForm" tests="1" failures="0" timestamp="02 Apr 2019 04:43:44 GMT" time="13.456" errors="0">
  <testcase name="f" time="13.456" classname="registrationtest.IndiRegFirstForm"/>
</testsuite> <!-- registrationtest.IndiRegFirstForm -->
