<?xml version="1.0" encoding="UTF-8"?>
<!-- Generated by org.testng.reporters.JUnitReportReporter -->
<testsuite skipped="0" hostname="codemaxpc01-desktop" name="registrationtest.IndiRegFirstForm" tests="1" failures="0" timestamp="11 Mar 2019 08:52:03 GMT" time="22.187" errors="0">
  <testcase name="f" time="22.187" classname="registrationtest.IndiRegFirstForm"/>
</testsuite> <!-- registrationtest.IndiRegFirstForm -->
