<?xml version="1.0" encoding="UTF-8"?>
<!-- Generated by org.testng.reporters.JUnitReportReporter -->
<testsuite skipped="0" hostname="codemaxpc01-desktop" name="registrationtest.IndiRegFirstForm" tests="1" failures="0" timestamp="07 Mar 2019 11:49:16 GMT" time="13.714" errors="0">
  <testcase name="f" time="13.714" classname="registrationtest.IndiRegFirstForm"/>
</testsuite> <!-- registrationtest.IndiRegFirstForm -->
