<?xml version="1.0" encoding="UTF-8"?>
<!-- Generated by org.testng.reporters.JUnitReportReporter -->
<testsuite skipped="0" hostname="codemaxpc01-desktop" name="registrationtest.TokenValidation" tests="1" failures="0" timestamp="25 Mar 2019 06:34:07 GMT" time="0.269" errors="0">
  <testcase name="init" time="0.269" classname="registrationtest.TokenValidation"/>
</testsuite> <!-- registrationtest.TokenValidation -->
