<?xml version="1.0" encoding="UTF-8"?>
<!-- Generated by org.testng.reporters.JUnitReportReporter -->
<testsuite skipped="0" hostname="codemaxpc01-desktop" name="registrationtest.IndiRegFirstForm" tests="1" failures="0" timestamp="07 Mar 2019 12:41:32 GMT" time="15.859" errors="0">
  <testcase name="f" time="15.859" classname="registrationtest.IndiRegFirstForm"/>
</testsuite> <!-- registrationtest.IndiRegFirstForm -->
